<testsuites name="results">
  <testsuite name="all" package="all">
    <property name="random_seed" value="1680097793" />
    <testcase name="initate" classname="my_tests" file="/home/enes/Desktop/Ethernet/Mac_Implementation/CRC/Ethernet_Mac/Decapsulation/my_tests.py" lineno="1" time="0.0036497116088867188" sim_time_ns="57.001" ratio_time="15617.94632244578">
      <failure message="Test failed with RANDOM_SEED=1680097793" />
    </testcase>
    <testcase name="transmit" classname="my_tests" file="/home/enes/Desktop/Ethernet/Mac_Implementation/CRC/Ethernet_Mac/Decapsulation/my_tests.py" lineno="1" time="0.003025054931640625" sim_time_ns="57.001" ratio_time="18842.963611601514">
      <failure message="Test failed with RANDOM_SEED=1680097793" />
    </testcase>
  </testsuite>
</testsuites>
